<?xml version="1.0" encoding="utf-8"?><testsuites name="pytest tests"><testsuite name="pytest" errors="0" failures="0" skipped="0" tests="3" time="4.230" timestamp="2026-08-04T21:05:38.890242+00:00" hostname="agent-env-6ec46049-e805-4579-924d-13b8eb044e2f"><testcase classname="tests.test_iter_security_audit" name="test_magic_link_single_use" time="0.777" /><testcase classname="tests.test_iter_security_audit" name="test_enable_2fa_and_login_challenge" time="1.661" /><testcase classname="tests.test_iter_security_audit" name="test_password_login_no_2fa" time="0.603" /></testsuite></testsuites>