<?xml version="1.0" encoding="utf-8"?><testsuites name="pytest tests"><testsuite name="pytest" errors="0" failures="0" skipped="0" tests="6" time="8.577" timestamp="2026-08-04T10:01:16.967128+00:00" hostname="agent-env-e78c0401-6c9f-42d2-88e4-87766bbf3369"><testcase classname="tests.test_iter5_bienetre" name="test_login_works" time="0.745" /><testcase classname="tests.test_iter5_bienetre" name="test_tasks_generate_returns_3_ai_priorities" time="4.399" /><testcase classname="tests.test_iter5_bienetre" name="test_tasks_list_and_delete" time="0.700" /><testcase classname="tests.test_iter5_bienetre" name="test_habits_crud" time="0.977" /><testcase classname="tests.test_iter5_bienetre" name="test_sleep_crud" time="0.601" /><testcase classname="tests.test_iter5_bienetre" name="test_wellness_state_no_fake_data" time="0.480" /></testsuite></testsuites>