<?xml version="1.0" encoding="utf-8"?><testsuites name="pytest tests"><testsuite name="pytest" errors="0" failures="0" skipped="0" tests="9" time="6.400" timestamp="2026-08-04T11:41:48.398599+00:00" hostname="agent-env-e78c0401-6c9f-42d2-88e4-87766bbf3369"><testcase classname="tests.test_iter6_moi_thesustain.TestHabitsCRUD" name="test_list_habits" time="0.833" /><testcase classname="tests.test_iter6_moi_thesustain.TestHabitsCRUD" name="test_create_habit" time="1.546" /><testcase classname="tests.test_iter6_moi_thesustain" name="test_thomas_login" time="0.845" /><testcase classname="tests.test_iter6_moi_thesustain" name="test_tasks_generate" time="3.679" /><testcase classname="tests.test_iter6_moi_thesustain.TestHabitsCRUD" name="test_toggle_habit" time="0.268" /><testcase classname="tests.test_iter6_moi_thesustain.TestHabitsCRUD" name="test_delete_habit" time="0.218" /><testcase classname="tests.test_iter6_moi_thesustain" name="test_wellness_state_no_mock" time="0.179" /><testcase classname="tests.test_iter6_moi_thesustain.TestSeedChristian" name="test_seed_creates_5_habits_first_call" time="1.031" /><testcase classname="tests.test_iter6_moi_thesustain.TestSeedChristian" name="test_seed_idempotent_second_call" time="0.109" /></testsuite></testsuites>