<?xml version="1.0" encoding="utf-8"?><testsuites name="pytest tests"><testsuite name="pytest" errors="0" failures="3" skipped="0" tests="16" time="3.255" timestamp="2026-08-04T13:13:12.664434+00:00" hostname="agent-env-e78c0401-6c9f-42d2-88e4-87766bbf3369"><testcase classname="tests.test_iter7_travail_automations.TestTravailCRM" name="test_list_initial" time="1.010" /><testcase classname="tests.test_iter7_travail_automations.TestAutomations" name="test_stats" time="1.231" /><testcase classname="tests.test_iter7_travail_automations.TestTravailCRM" name="test_create_lead" time="0.398" /><testcase classname="tests.test_iter7_travail_automations.TestAutomations" name="test_create_custom" time="0.173"><failure message="AssertionError: Internal Server Error&#10;assert 500 == 200&#10; +  where 500 = &lt;Response [500]&gt;.status_code">backend/tests/test_iter7_travail_automations.py:184: in test_create_custom
    assert r.status_code == 200, r.text
E   AssertionError: Internal Server Error
E   assert 500 == 200
E    +  where 500 = &lt;Response [500]&gt;.status_code</failure></testcase><testcase classname="tests.test_iter7_travail_automations.TestTravailCRM" name="test_patch_stage" time="0.362" /><testcase classname="tests.test_iter7_travail_automations.TestAutomations" name="test_create_custom_empty_desc_rejected" time="0.122" /><testcase classname="tests.test_iter7_travail_automations.TestAutomations" name="test_delete_custom" time="0.000"><failure message="assert None&#10; +  where None = TestAutomations.custom_id">backend/tests/test_iter7_travail_automations.py:205: in test_delete_custom
    assert TestAutomations.custom_id
E   assert None
E    +  where None = TestAutomations.custom_id</failure></testcase><testcase classname="tests.test_iter7_travail_automations.TestAutomations" name="test_wellbeing_consent_toggle" time="0.115"><failure message="assert 500 == 200&#10; +  where 500 = &lt;Response [500]&gt;.status_code">backend/tests/test_iter7_travail_automations.py:220: in test_wellbeing_consent_toggle
    assert r.status_code == 200
E   assert 500 == 200
E    +  where 500 = &lt;Response [500]&gt;.status_code</failure></testcase><testcase classname="tests.test_iter7_travail_automations.TestTravailOverview" name="test_overview_shape" time="0.135" /><testcase classname="tests.test_iter7_travail_automations.TestTravailCRM" name="test_delete" time="0.267" /><testcase classname="tests.test_iter7_travail_automations.TestTravailOverview" name="test_overview_finance_realdata" time="0.147" /><testcase classname="tests.test_iter7_travail_automations.TestTravailRecos" name="test_recos" time="0.140" /><testcase classname="tests.test_iter7_travail_automations.TestTravailEvents" name="test_list_events" time="0.128" /><testcase classname="tests.test_iter7_travail_automations.TestTravailEvents" name="test_list_today" time="0.139" /><testcase classname="tests.test_iter7_travail_automations.TestTravailEvents" name="test_create_event" time="0.142" /><testcase classname="tests.test_iter7_travail_automations.TestTravailEvents" name="test_delete_event" time="0.176" /></testsuite></testsuites>