<?xml version="1.0" encoding="utf-8"?><testsuites name="pytest tests"><testsuite name="pytest" errors="0" failures="0" skipped="1" tests="14" time="32.777" timestamp="2026-08-10T10:21:03.614075+00:00" hostname="agent-env-2dd83a50-775f-429c-b9ea-9fd604df5119"><testcase classname="tests.test_iter_news_reprise_heygen_sse.TestHeygen" name="test_avatars_with_secret_returns_500_missing_key" time="0.319" /><testcase classname="tests.test_iter_news_reprise_heygen_sse.TestNewsReprise" name="test_submit_requires_auth" time="0.288" /><testcase classname="tests.test_iter_news_reprise_heygen_sse.TestHeygen" name="test_avatars_no_secret_401" time="0.365" /><testcase classname="tests.test_iter_news_reprise_heygen_sse.TestHeygen" name="test_avatars_bad_secret_401" time="0.161" /><testcase classname="tests.test_iter_news_reprise_heygen_sse.TestNewsReprise" name="test_submit_manual" time="13.377" /><testcase classname="tests.test_iter_news_reprise_heygen_sse.TestVisionSSE" name="test_stream_invalid_token" time="0.132" /><testcase classname="tests.test_iter_news_reprise_heygen_sse.TestVisionSSE" name="test_stream_valid_token" time="0.489" /><testcase classname="tests.test_iter_news_reprise_heygen_sse.TestRegressions" name="test_magic_link_idempotent" time="0.595"><skipped type="pytest.skip" message="magic token not returned (production mode) — idempotency requires DB access">/app/backend/tests/test_iter_news_reprise_heygen_sse.py:153: magic token not returned (production mode) — idempotency requires DB access</skipped></testcase><testcase classname="tests.test_iter_news_reprise_heygen_sse.TestNewsReprise" name="test_list" time="0.140" /><testcase classname="tests.test_iter_news_reprise_heygen_sse.TestNewsReprise" name="test_approve" time="0.116" /><testcase classname="tests.test_iter_news_reprise_heygen_sse.TestNewsReprise" name="test_reject" time="6.795" /><testcase classname="tests.test_iter_news_reprise_heygen_sse.TestNewsReprise" name="test_inbound_with_secret" time="10.697" /><testcase classname="tests.test_iter_news_reprise_heygen_sse.TestNewsReprise" name="test_inbound_no_secret" time="0.191" /><testcase classname="tests.test_iter_news_reprise_heygen_sse.TestNewsReprise" name="test_inbound_bad_secret" time="0.157" /></testsuite></testsuites>