<?xml version="1.0" encoding="utf-8"?><testsuites name="pytest tests"><testsuite name="pytest" errors="0" failures="0" skipped="0" tests="8" time="2.472" timestamp="2026-08-10T11:48:53.367739+00:00" hostname="agent-env-2dd83a50-775f-429c-b9ea-9fd604df5119"><testcase classname="tests.test_iter4_demo_login" name="test_demo_login_thomas_returns_token" time="0.164" /><testcase classname="tests.test_iter4_demo_login" name="test_demo_login_token_works_on_me" time="0.273" /><testcase classname="tests.test_iter4_demo_login" name="test_demo_login_membre_thesustain" time="0.147" /><testcase classname="tests.test_iter4_demo_login" name="test_demo_login_rejects_non_whitelisted" time="0.111" /><testcase classname="tests.test_iter4_demo_login" name="test_demo_login_case_insensitive" time="0.115" /><testcase classname="tests.test_iter4_demo_login" name="test_magic_link_thomas_returns_dev_link" time="0.491" /><testcase classname="tests.test_iter4_demo_login" name="test_magic_link_verify_then_me" time="0.490" /><testcase classname="tests.test_iter4_demo_login" name="test_demo_login_unknown_email_rejected" time="0.107" /></testsuite></testsuites>