<?xml version="1.0" encoding="utf-8"?><testsuites name="pytest tests"><testsuite name="pytest" errors="0" failures="0" skipped="0" tests="11" time="2.402" timestamp="2026-08-10T09:52:18.271043+00:00" hostname="agent-env-2dd83a50-775f-429c-b9ea-9fd604df5119"><testcase classname="tests.test_iter_admin_plugin" name="test_health" time="0.285" /><testcase classname="tests.test_iter_admin_plugin" name="test_admin_login_returns_jwt" time="0.309" /><testcase classname="tests.test_iter_admin_plugin" name="test_demo_login" time="0.293" /><testcase classname="tests.test_iter_admin_plugin" name="test_admin_stats_requires_auth" time="0.049" /><testcase classname="tests.test_iter_admin_plugin" name="test_admin_stats" time="0.115" /><testcase classname="tests.test_iter_admin_plugin" name="test_admin_users_list" time="0.051" /><testcase classname="tests.test_iter_admin_plugin" name="test_admin_users_filter_by_plan_free" time="0.048" /><testcase classname="tests.test_iter_admin_plugin" name="test_admin_config" time="0.045" /><testcase classname="tests.test_iter_admin_plugin" name="test_gift_credits_amount_field" time="0.115" /><testcase classname="tests.test_iter_admin_plugin" name="test_gift_credits_credits_field_backcompat" time="0.065" /><testcase classname="tests.test_iter_admin_plugin" name="test_change_plan" time="0.057" /></testsuite></testsuites>