<?xml version="1.0" encoding="utf-8"?><testsuites name="pytest tests"><testsuite name="pytest" errors="0" failures="0" skipped="0" tests="13" time="1.820" timestamp="2026-08-10T10:49:54.229909+00:00" hostname="agent-env-2dd83a50-775f-429c-b9ea-9fd604df5119"><testcase classname="tests.test_gate_and_inspiration.TestInspiration" name="test_current_secular" time="0.054" /><testcase classname="tests.test_gate_and_inspiration.TestNotifGate" name="test_gate_requires_auth" time="0.007" /><testcase classname="tests.test_gate_and_inspiration.TestNotifGate" name="test_gate_post_requires_auth" time="0.045" /><testcase classname="tests.test_gate_and_inspiration.TestInspiration" name="test_current_christian" time="0.298" /><testcase classname="tests.test_gate_and_inspiration.TestNotifGate" name="test_gate_get_shape" time="0.608" /><testcase classname="tests.test_gate_and_inspiration.TestInspiration" name="test_admin_overview" time="0.306" /><testcase classname="tests.test_gate_and_inspiration.TestInspiration" name="test_create_scheduled_quote_and_verify" time="0.061" /><testcase classname="tests.test_gate_and_inspiration.TestNotifGate" name="test_gate_hold_true_blocks_active" time="0.012" /><testcase classname="tests.test_gate_and_inspiration.TestNotifGate" name="test_gate_hold_false_returns_resent_field" time="0.017" /><testcase classname="tests.test_gate_and_inspiration.TestNotifGate" name="test_gate_final_state_is_false" time="0.035" /><testcase classname="tests.test_gate_and_inspiration.TestInspiration" name="test_create_quote_invalid_set_type" time="0.005" /><testcase classname="tests.test_gate_and_inspiration" name="test_zzz_final_cleanup_gate" time="0.028" /><testcase classname="tests.test_gate_and_inspiration.TestInspiration" name="test_admin_endpoints_require_auth" time="0.006" /></testsuite></testsuites>