<?xml version="1.0" encoding="utf-8"?><testsuites name="pytest tests"><testsuite name="pytest" errors="0" failures="0" skipped="0" tests="11" time="34.532" timestamp="2026-08-09T07:45:46.514383+00:00" hostname="agent-env-9ceceb0e-6b41-4981-84c3-0fcac94f607f"><testcase classname="tests.test_iter195_zayado_export" name="test_auth_me" time="0.708" /><testcase classname="tests.test_iter195_zayado_export" name="test_vision_cards_list" time="0.050" /><testcase classname="tests.test_iter195_zayado_export" name="test_vision_board_live_data" time="0.053" /><testcase classname="tests.test_iter195_zayado_export" name="test_vision_events_stream" time="4.110" /><testcase classname="tests.test_iter195_zayado_export" name="test_news_digest" time="0.219" /><testcase classname="tests.test_iter195_zayado_export" name="test_gamification_passport" time="0.065" /><testcase classname="tests.test_iter195_zayado_export" name="test_admin_analytics_funnel" time="0.051" /><testcase classname="tests.test_iter195_zayado_export" name="test_admin_analytics_retention" time="0.047" /><testcase classname="tests.test_iter195_zayado_export" name="test_dashboard" time="0.051" /><testcase classname="tests.test_iter195_zayado_export" name="test_vision_brain_panel" time="0.051" /><testcase classname="tests.test_iter195_zayado_export" name="test_analyze_swot" time="29.066" /></testsuite></testsuites>