<?xml version="1.0" encoding="utf-8"?><testsuites name="pytest tests"><testsuite name="pytest" errors="0" failures="0" skipped="0" tests="5" time="7.973" timestamp="2026-08-08T00:23:26.807803+00:00" hostname="agent-env-9ceceb0e-6b41-4981-84c3-0fcac94f607f"><testcase classname="tests.test_vision_brain_iter193.TestPageContext" name="test_page_context_with_email_detects_contact" time="5.097" /><testcase classname="tests.test_vision_brain_iter193.TestConnectionsMirror" name="test_connections_structure_and_thomas_state" time="2.401" /><testcase classname="tests.test_vision_brain_iter193.TestRegressionPanel" name="test_panel_still_ok" time="0.118" /><testcase classname="tests.test_vision_brain_iter193.TestPageContext" name="test_page_context_without_email" time="2.180" /><testcase classname="tests.test_vision_brain_iter193.TestCapturesExtension" name="test_create_capture_from_extension" time="0.232" /></testsuite></testsuites>