<?xml version="1.0" encoding="utf-8"?><testsuites name="pytest tests"><testsuite name="pytest" errors="0" failures="0" skipped="0" tests="8" time="2.504" timestamp="2026-09-22T09:23:53.831928+00:00" hostname="agent-env-205832f7-3b88-4871-86f6-e31c5077b032"><testcase classname="tests.test_kairos_auth_admin.TestAdminSecurity" name="test_vue_ensemble_without_token_denied" time="0.264" /><testcase classname="tests.test_kairos_auth_admin.TestLoginSeeds" name="test_login_sara" time="0.490" /><testcase classname="tests.test_kairos_auth_admin.TestLoginSeeds" name="test_login_admin" time="0.445" /><testcase classname="tests.test_kairos_auth_admin.TestAdminSecurity" name="test_vue_ensemble_with_client_token_denied" time="0.682" /><testcase classname="tests.test_kairos_auth_admin.TestLoginSeeds" name="test_login_vendeur" time="0.578" /><testcase classname="tests.test_kairos_auth_admin.TestAdminSecurity" name="test_vue_ensemble_with_admin_token_ok" time="0.569" /><testcase classname="tests.test_kairos_auth_admin.TestRegisterAndState" name="test_register_new_account_and_state_is_blank" time="0.535" /><testcase classname="tests.test_kairos_auth_admin.TestRegisterAndState" name="test_duplicate_register_returns_409" time="0.113" /></testsuite></testsuites>