<?xml version="1.0" encoding="utf-8"?><testsuites name="pytest tests"><testsuite name="pytest" errors="0" failures="0" skipped="0" tests="10" time="5.566" timestamp="2026-08-13T23:11:28.640738+00:00" hostname="agent-env-34efe38c-9d45-4dca-9924-0a8318c03a20"><testcase classname="tests.backend_test.TestKPIs" name="test_kpis_after_seed" time="0.263" /><testcase classname="tests.backend_test.TestKPIs" name="test_kpis_update_on_facture_add_delete" time="0.370" /><testcase classname="tests.backend_test.TestFactures" name="test_crud_flow" time="0.443" /><testcase classname="tests.backend_test.TestFactures" name="test_update_404" time="0.096" /><testcase classname="tests.backend_test.TestDepenses" name="test_crud" time="0.215" /><testcase classname="tests.backend_test.TestObjectifs" name="test_crud" time="0.224" /><testcase classname="tests.backend_test.TestVision" name="test_get_and_set" time="0.222" /><testcase classname="tests.backend_test.TestRituels" name="test_crud_and_toggle" time="0.307" /><testcase classname="tests.backend_test.TestHumeur" name="test_create_and_list" time="0.145" /><testcase classname="tests.backend_test.TestKairos" name="test_chat_streams_and_history" time="3.232" /></testsuite></testsuites>