<?xml version="1.0" encoding="utf-8"?><testsuites name="pytest tests"><testsuite name="pytest" errors="0" failures="0" skipped="0" tests="6" time="34.722" timestamp="2026-08-08T00:02:13.838301+00:00" hostname="agent-env-9ceceb0e-6b41-4981-84c3-0fcac94f607f"><testcase classname="tests.test_vision_brain_iter192.TestNotifyExplain" name="test_news_urssaf_has_sources" time="7.658" /><testcase classname="tests.test_vision_brain_iter192.TestBrainPanel" name="test_panel_structure" time="3.926" /><testcase classname="tests.test_vision_brain_iter192.TestBrainPanel" name="test_panel_ca_card" time="0.142" /><testcase classname="tests.test_vision_brain_iter192.TestBrainPanel" name="test_panel_news_has_sources_others_do_not" time="0.211" /><testcase classname="tests.test_vision_brain_iter192.TestNotifyExplain" name="test_internal_has_no_sources" time="3.529" /><testcase classname="tests.test_vision_brain_iter192.TestBrainAnalyze" name="test_analyze_force" time="23.123" /></testsuite></testsuites>